E:\LEARN_DOC\VIC_SOLUTION\DEBUG\VICIMGPRO.DLL
E:\learn_doc\vic_solution\Debug\vicImgPro.exp
E:\LEARN_DOC\VIC_SOLUTION\DEBUG\VICIMGPRO.ILK
E:\learn_doc\vic_solution\Debug\vicImgPro.lib
E:\LEARN_DOC\VIC_SOLUTION\DEBUG\VICIMGPRO.PDB
E:\learn_doc\vic_solution\vicImgPro\Debug\cl.command.1.tlog
E:\learn_doc\vic_solution\vicImgPro\Debug\CL.read.1.tlog
E:\learn_doc\vic_solution\vicImgPro\Debug\CL.write.1.tlog
E:\learn_doc\vic_solution\vicImgPro\Debug\link.5912.read.1.tlog
E:\learn_doc\vic_solution\vicImgPro\Debug\link.5912.write.1.tlog
E:\learn_doc\vic_solution\vicImgPro\Debug\link.5912-cvtres.read.1.tlog
E:\learn_doc\vic_solution\vicImgPro\Debug\link.5912-cvtres.write.1.tlog
E:\learn_doc\vic_solution\vicImgPro\Debug\link.command.1.tlog
E:\learn_doc\vic_solution\vicImgPro\Debug\link.read.1.tlog
E:\learn_doc\vic_solution\vicImgPro\Debug\link.write.1.tlog
E:\learn_doc\vic_solution\vicImgPro\Debug\link-cvtres.read.1.tlog
E:\learn_doc\vic_solution\vicImgPro\Debug\link-cvtres.write.1.tlog
E:\learn_doc\vic_solution\vicImgPro\Debug\mt.command.1.tlog
E:\learn_doc\vic_solution\vicImgPro\Debug\mt.read.1.tlog
E:\learn_doc\vic_solution\vicImgPro\Debug\mt.write.1.tlog
E:\learn_doc\vic_solution\vicImgPro\Debug\rc.command.1.tlog
E:\learn_doc\vic_solution\vicImgPro\Debug\rc.read.1.tlog
E:\learn_doc\vic_solution\vicImgPro\Debug\rc.write.1.tlog
E:\learn_doc\vic_solution\vicImgPro\Debug\vc100.idb
E:\LEARN_DOC\VIC_SOLUTION\VICIMGPRO\DEBUG\VC100.PDB
E:\LEARN_DOC\VIC_SOLUTION\VICIMGPRO\DEBUG\VICIMGPRO.DLL.EMBED.MANIFEST
E:\LEARN_DOC\VIC_SOLUTION\VICIMGPRO\DEBUG\VICIMGPRO.DLL.EMBED.MANIFEST.RES
E:\LEARN_DOC\VIC_SOLUTION\VICIMGPRO\DEBUG\VICIMGPRO.DLL.INTERMEDIATE.MANIFEST
E:\LEARN_DOC\VIC_SOLUTION\VICIMGPRO\DEBUG\VICIMGPRO.OBJ
E:\learn_doc\vic_solution\vicImgPro\Debug\vicImgPro.write.1.tlog
E:\learn_doc\vic_solution\vicImgPro\Debug\vicImgPro_manifest.rc
