E:\LEARN_DOC\VIC_SOLUTION\DEBUG\SIMPLE_DLL.DLL
E:\learn_doc\vic_solution\Debug\simple_dll.exp
E:\LEARN_DOC\VIC_SOLUTION\DEBUG\SIMPLE_DLL.ILK
E:\learn_doc\vic_solution\Debug\simple_dll.lib
E:\LEARN_DOC\VIC_SOLUTION\DEBUG\SIMPLE_DLL.PDB
E:\learn_doc\vic_solution\simple_dll\Debug\cl.command.1.tlog
E:\learn_doc\vic_solution\simple_dll\Debug\CL.read.1.tlog
E:\learn_doc\vic_solution\simple_dll\Debug\CL.write.1.tlog
E:\learn_doc\vic_solution\simple_dll\Debug\link.6068.read.1.tlog
E:\learn_doc\vic_solution\simple_dll\Debug\link.6068.write.1.tlog
E:\learn_doc\vic_solution\simple_dll\Debug\link.6068-cvtres.read.1.tlog
E:\learn_doc\vic_solution\simple_dll\Debug\link.6068-cvtres.write.1.tlog
E:\learn_doc\vic_solution\simple_dll\Debug\link.command.1.tlog
E:\learn_doc\vic_solution\simple_dll\Debug\link.read.1.tlog
E:\learn_doc\vic_solution\simple_dll\Debug\link.write.1.tlog
E:\learn_doc\vic_solution\simple_dll\Debug\link-cvtres.read.1.tlog
E:\learn_doc\vic_solution\simple_dll\Debug\link-cvtres.write.1.tlog
E:\learn_doc\vic_solution\simple_dll\Debug\mt.command.1.tlog
E:\learn_doc\vic_solution\simple_dll\Debug\mt.read.1.tlog
E:\learn_doc\vic_solution\simple_dll\Debug\mt.write.1.tlog
E:\learn_doc\vic_solution\simple_dll\Debug\rc.command.1.tlog
E:\learn_doc\vic_solution\simple_dll\Debug\rc.read.1.tlog
E:\learn_doc\vic_solution\simple_dll\Debug\rc.write.1.tlog
E:\LEARN_DOC\VIC_SOLUTION\SIMPLE_DLL\DEBUG\SIMPLE_DLL.DLL.EMBED.MANIFEST
E:\LEARN_DOC\VIC_SOLUTION\SIMPLE_DLL\DEBUG\SIMPLE_DLL.DLL.EMBED.MANIFEST.RES
E:\LEARN_DOC\VIC_SOLUTION\SIMPLE_DLL\DEBUG\SIMPLE_DLL.DLL.INTERMEDIATE.MANIFEST
E:\learn_doc\vic_solution\simple_dll\Debug\simple_dll.write.1.tlog
E:\learn_doc\vic_solution\simple_dll\Debug\simple_dll_manifest.rc
E:\LEARN_DOC\VIC_SOLUTION\SIMPLE_DLL\DEBUG\SIMPLEDLL.OBJ
E:\learn_doc\vic_solution\simple_dll\Debug\vc100.idb
E:\LEARN_DOC\VIC_SOLUTION\SIMPLE_DLL\DEBUG\VC100.PDB
